[24-Nov-2024 17:45:33] NOTICE: fpm is running, pid 6821
[24-Nov-2024 17:45:33] NOTICE: ready to handle connections
[24-Nov-2024 17:45:35] NOTICE: Terminating ...
[24-Nov-2024 17:45:35] NOTICE: Terminating ...
[24-Nov-2024 17:45:35] NOTICE: exiting, bye-bye!
[24-Nov-2024 17:45:38] NOTICE: fpm is running, pid 6860
[24-Nov-2024 17:45:38] NOTICE: ready to handle connections
[26-Nov-2024 18:00:06] NOTICE: Terminating ...
[26-Nov-2024 18:00:06] NOTICE: Terminating ...
[26-Nov-2024 18:00:06] NOTICE: exiting, bye-bye!
[26-Nov-2024 18:06:46] NOTICE: fpm is running, pid 1147
[26-Nov-2024 18:06:46] NOTICE: ready to handle connections
[28-Nov-2024 18:42:59] NOTICE: Terminating ...
[28-Nov-2024 18:42:59] NOTICE: Terminating ...
[28-Nov-2024 18:42:59] NOTICE: exiting, bye-bye!
[29-Nov-2024 09:52:26] NOTICE: fpm is running, pid 2019
[29-Nov-2024 09:52:26] NOTICE: ready to handle connections
[01-Dec-2024 16:58:59] NOTICE: Terminating ...
[01-Dec-2024 16:58:59] NOTICE: Terminating ...
[01-Dec-2024 16:58:59] NOTICE: exiting, bye-bye!
[01-Dec-2024 20:57:31] NOTICE: fpm is running, pid 25362
[01-Dec-2024 20:57:31] NOTICE: ready to handle connections
[02-Dec-2024 15:06:09] NOTICE: Terminating ...
[02-Dec-2024 15:06:09] NOTICE: Terminating ...
[02-Dec-2024 15:06:09] NOTICE: exiting, bye-bye!
[03-Dec-2024 10:25:41] NOTICE: fpm is running, pid 33694
[03-Dec-2024 10:25:41] NOTICE: ready to handle connections
